<?xml version="1.0" encoding="UTF-8"?>
<!-- Generated by org.testng.reporters.JUnitReportReporter -->
<testsuite hostname="DESKTOP-76JB6SL" name="com.app.TestNG7" tests="2" failures="0" timestamp="13 Dec 2020 06:39:22 GMT" time="0.018" errors="0">
  <testcase name="z" time="0.017" classname="com.app.TestNG7"/>
  <testcase name="b" time="0.001" classname="com.app.TestNG7"/>
</testsuite> <!-- com.app.TestNG7 -->
