<?xml version="1.0" encoding="UTF-8"?>
<!-- Generated by org.testng.reporters.JUnitReportReporter -->
<testsuite hostname="DESKTOP-76JB6SL" name="com.app.TestNG6" tests="3" failures="0" timestamp="1 Jan 2021 07:06:23 GMT" time="0.141" errors="0">
  <testcase name="a" time="0.000" classname="com.app.TestNG6"/>
  <testcase name="b" time="0.032" classname="com.app.TestNG6"/>
  <testcase name="b" time="0.109" classname="com.app.TestNG6"/>
</testsuite> <!-- com.app.TestNG6 -->
