<?xml version="1.0" encoding="UTF-8"?>
<!-- Generated by org.testng.reporters.JUnitReportReporter -->
<testsuite hostname="DESKTOP-76JB6SL" name="com.app.TakeScreenShotFailure2" tests="1" failures="0" timestamp="18 Jan 2021 06:41:30 GMT" time="0.156" errors="0">
  <testcase name="assertionCheck" time="0.156" classname="com.app.TakeScreenShotFailure2"/>
</testsuite> <!-- com.app.TakeScreenShotFailure2 -->
