<?xml version="1.0" encoding="UTF-8"?>
<!-- Generated by org.testng.reporters.JUnitReportReporter -->
<testsuite hostname="DESKTOP-76JB6SL" name="com.app.Assertion4" tests="1" failures="0" timestamp="14 Dec 2020 17:20:09 GMT" time="0.026" errors="0">
  <testcase name="tesdtcase5" time="0.026" classname="com.app.Assertion4"/>
</testsuite> <!-- com.app.Assertion4 -->
