<?xml version="1.0" encoding="UTF-8"?>
<!-- Generated by org.testng.reporters.JUnitReportReporter -->
<testsuite hostname="DESKTOP-76JB6SL" name="com.app.TestNG" tests="2" failures="0" timestamp="21 Jan 2021 13:40:08 GMT" time="0.013" errors="0">
  <testcase name="a2" time="0.004" classname="com.app.TestNG"/>
  <testcase name="a1" time="0.009" classname="com.app.TestNG"/>
</testsuite> <!-- com.app.TestNG -->
