<?xml version="1.0" encoding="UTF-8"?>
<!-- Generated by org.testng.reporters.JUnitReportReporter -->
<testsuite hostname="DESKTOP-76JB6SL" name="com.app.TestNG3" tests="4" failures="0" timestamp="8 Dec 2020 08:19:00 GMT" time="0.024" errors="0">
  <testcase name="z" time="0.001" classname="com.app.TestNG3"/>
  <testcase name="a1" time="0.018" classname="com.app.TestNG3"/>
  <testcase name="b" time="0.003" classname="com.app.TestNG3"/>
  <testcase name="a3" time="0.002" classname="com.app.TestNG3"/>
</testsuite> <!-- com.app.TestNG3 -->
